<?xml version="1.0" encoding="UTF-8"?>
<!-- Generated by org.testng.reporters.JUnitXMLReporter -->
<testsuite hostname="Tushti3148870" ignored="0" name="Default test" tests="3" failures="0" timestamp="18 Sep 2019 12:51:49 GMT" time="42.89" errors="0">
  <testcase name="loginPageTitleTest" time="0.006" classname="com.qa.pages.LoginPageTest"/>
  <testcase name="crmLogoImageTest" time="0.002" classname="com.qa.pages.LoginPageTest"/>
  <testcase name="loginTest" time="0.001" classname="com.qa.pages.LoginPageTest"/>
</testsuite> <!-- Default test -->
