<?xml version="1.0" encoding="UTF-8"?>
<testng-results skipped="0" failed="0" ignored="0" total="3" passed="3">
  <reporter-output>
  </reporter-output>
  <suite name="Default suite" duration-ms="42890" started-at="2019-09-18T12:51:06Z" finished-at="2019-09-18T12:51:49Z">
    <groups>
    </groups>
    <test name="Default test" duration-ms="42890" started-at="2019-09-18T12:51:06Z" finished-at="2019-09-18T12:51:49Z">
      <class name="com.qa.pages.LoginPageTest">
        <test-method status="PASS" signature="setUp()[pri:0, instance:com.qa.pages.LoginPageTest@548e7350]" name="setUp" is-config="true" duration-ms="17732" started-at="2019-09-18T12:51:06Z" finished-at="2019-09-18T12:51:24Z">
          <reporter-output>
          </reporter-output>
        </test-method> <!-- setUp -->
        <test-method status="PASS" signature="loginPageTitleTest()[pri:1, instance:com.qa.pages.LoginPageTest@548e7350]" name="loginPageTitleTest" duration-ms="6" started-at="2019-09-18T12:51:24Z" finished-at="2019-09-18T12:51:24Z">
          <reporter-output>
          </reporter-output>
        </test-method> <!-- loginPageTitleTest -->
        <test-method status="PASS" signature="tearDown()[pri:0, instance:com.qa.pages.LoginPageTest@548e7350]" name="tearDown" is-config="true" duration-ms="0" started-at="2019-09-18T12:51:24Z" finished-at="2019-09-18T12:51:24Z">
          <reporter-output>
          </reporter-output>
        </test-method> <!-- tearDown -->
        <test-method status="PASS" signature="setUp()[pri:0, instance:com.qa.pages.LoginPageTest@548e7350]" name="setUp" is-config="true" duration-ms="12421" started-at="2019-09-18T12:51:24Z" finished-at="2019-09-18T12:51:36Z">
          <reporter-output>
          </reporter-output>
        </test-method> <!-- setUp -->
        <test-method status="PASS" signature="crmLogoImageTest()[pri:2, instance:com.qa.pages.LoginPageTest@548e7350]" name="crmLogoImageTest" duration-ms="2" started-at="2019-09-18T12:51:36Z" finished-at="2019-09-18T12:51:36Z">
          <reporter-output>
          </reporter-output>
        </test-method> <!-- crmLogoImageTest -->
        <test-method status="PASS" signature="tearDown()[pri:0, instance:com.qa.pages.LoginPageTest@548e7350]" name="tearDown" is-config="true" duration-ms="0" started-at="2019-09-18T12:51:36Z" finished-at="2019-09-18T12:51:36Z">
          <reporter-output>
          </reporter-output>
        </test-method> <!-- tearDown -->
        <test-method status="PASS" signature="setUp()[pri:0, instance:com.qa.pages.LoginPageTest@548e7350]" name="setUp" is-config="true" duration-ms="12698" started-at="2019-09-18T12:51:36Z" finished-at="2019-09-18T12:51:49Z">
          <reporter-output>
          </reporter-output>
        </test-method> <!-- setUp -->
        <test-method status="PASS" signature="loginTest()[pri:3, instance:com.qa.pages.LoginPageTest@548e7350]" name="loginTest" duration-ms="1" started-at="2019-09-18T12:51:49Z" finished-at="2019-09-18T12:51:49Z">
          <reporter-output>
          </reporter-output>
        </test-method> <!-- loginTest -->
        <test-method status="PASS" signature="tearDown()[pri:0, instance:com.qa.pages.LoginPageTest@548e7350]" name="tearDown" is-config="true" duration-ms="0" started-at="2019-09-18T12:51:49Z" finished-at="2019-09-18T12:51:49Z">
          <reporter-output>
          </reporter-output>
        </test-method> <!-- tearDown -->
      </class> <!-- com.qa.pages.LoginPageTest -->
    </test> <!-- Default test -->
  </suite> <!-- Default suite -->
</testng-results>
